2025-02-20 17:48:11,270 - INFO - Imported media: ['C:/Users/garre/Videos/Test Shoot/20250220_152451.mp4']
2025-02-20 17:48:11,580 - INFO - Added clip: C:/Users/garre/Videos/Test Shoot/20250220_152451.mp4
2025-02-20 17:48:12,835 - INFO - Imported media: ['C:/Users/garre/Videos/Test Shoot/20250220_152603.mp4']
2025-02-20 17:48:12,836 - INFO - Added clip: C:/Users/garre/Videos/Test Shoot/20250220_152603.mp4
2025-02-20 17:48:12,906 - INFO - Imported media: ['C:/Users/garre/Videos/Test Shoot/20250220_152650.mp4']
2025-02-20 17:48:12,908 - INFO - Added clip: C:/Users/garre/Videos/Test Shoot/20250220_152650.mp4
2025-02-20 17:48:12,966 - INFO - Imported media: ['C:/Users/garre/Videos/Test Shoot/20250220_152804.mp4']
2025-02-20 17:48:12,967 - INFO - Added clip: C:/Users/garre/Videos/Test Shoot/20250220_152804.mp4
2025-02-20 17:48:13,019 - INFO - Imported media: ['C:/Users/garre/Videos/Test Shoot/20250220_153059.mp4']
2025-02-20 17:48:13,020 - INFO - Added clip: C:/Users/garre/Videos/Test Shoot/20250220_153059.mp4
2025-02-20 17:48:13,073 - INFO - Imported media: ['C:/Users/garre/Videos/Test Shoot/20250220_153140.mp4']
2025-02-20 17:48:13,075 - INFO - Added clip: C:/Users/garre/Videos/Test Shoot/20250220_153140.mp4
2025-02-20 17:48:17,699 - INFO - Timeline created successfully with 6 clip(s).
2025-02-20 18:07:44,507 - INFO - Connected to DaVinci Resolve on attempt 1.
2025-02-20 18:07:56,835 - INFO - Imported media: ['C:/Users/garre/Videos/Test Shoot/20250220_152451.mp4']
2025-02-20 18:07:57,117 - INFO - Added clip: C:/Users/garre/Videos/Test Shoot/20250220_152451.mp4
2025-02-20 18:07:58,503 - INFO - Imported media: ['C:/Users/garre/Videos/Test Shoot/20250220_152603.mp4']
2025-02-20 18:07:58,505 - INFO - Added clip: C:/Users/garre/Videos/Test Shoot/20250220_152603.mp4
2025-02-20 18:07:58,571 - INFO - Imported media: ['C:/Users/garre/Videos/Test Shoot/20250220_152650.mp4']
2025-02-20 18:07:58,572 - INFO - Added clip: C:/Users/garre/Videos/Test Shoot/20250220_152650.mp4
2025-02-20 18:07:58,630 - INFO - Imported media: ['C:/Users/garre/Videos/Test Shoot/20250220_152804.mp4']
2025-02-20 18:07:58,631 - INFO - Added clip: C:/Users/garre/Videos/Test Shoot/20250220_152804.mp4
2025-02-20 18:07:58,682 - INFO - Imported media: ['C:/Users/garre/Videos/Test Shoot/20250220_153059.mp4']
2025-02-20 18:07:58,684 - INFO - Added clip: C:/Users/garre/Videos/Test Shoot/20250220_153059.mp4
2025-02-20 18:07:58,727 - INFO - Imported media: ['C:/Users/garre/Videos/Test Shoot/20250220_153140.mp4']
2025-02-20 18:07:58,728 - INFO - Added clip: C:/Users/garre/Videos/Test Shoot/20250220_153140.mp4
2025-02-20 18:08:01,290 - INFO - Timeline created successfully with 6 clip(s).
2025-02-20 18:08:14,500 - INFO - Clip 'None' (duration 29 sec): Detected scene changes: [0, 13, 17, 29]
2025-02-20 18:08:14,501 - INFO - Created subclip for 'None': 0 to 13
2025-02-20 18:08:14,501 - INFO - Created subclip for 'None': 13 to 17
2025-02-20 18:08:14,501 - INFO - Created subclip for 'None': 17 to 29
2025-02-20 18:08:14,501 - INFO - Clip 'None' (duration 41 sec): Detected scene changes: [0, 5, 11, 41]
2025-02-20 18:08:14,502 - INFO - Created subclip for 'None': 0 to 5
2025-02-20 18:08:14,502 - INFO - Created subclip for 'None': 5 to 11
2025-02-20 18:08:14,502 - INFO - Created subclip for 'None': 11 to 41
2025-02-20 18:08:14,503 - INFO - Clip 'None' (duration 41 sec): Detected scene changes: [0, 13, 33, 41]
2025-02-20 18:08:14,503 - INFO - Created subclip for 'None': 0 to 13
2025-02-20 18:08:14,504 - INFO - Created subclip for 'None': 13 to 33
2025-02-20 18:08:14,504 - INFO - Created subclip for 'None': 33 to 41
2025-02-20 18:08:14,504 - INFO - Clip 'None' (duration 20 sec): Detected scene changes: [0, 13, 16, 20]
2025-02-20 18:08:14,505 - INFO - Created subclip for 'None': 0 to 13
2025-02-20 18:08:14,505 - INFO - Created subclip for 'None': 13 to 16
2025-02-20 18:08:14,505 - INFO - Created subclip for 'None': 16 to 20
2025-02-20 18:08:14,506 - INFO - Clip 'None' (duration 47 sec): Detected scene changes: [0, 14, 20, 47]
2025-02-20 18:08:14,506 - INFO - Created subclip for 'None': 0 to 14
2025-02-20 18:08:14,506 - INFO - Created subclip for 'None': 14 to 20
2025-02-20 18:08:14,506 - INFO - Created subclip for 'None': 20 to 47
2025-02-20 18:08:14,507 - INFO - Clip 'None' (duration 52 sec): Detected scene changes: [0, 33, 45, 52]
2025-02-20 18:08:14,507 - INFO - Created subclip for 'None': 0 to 33
2025-02-20 18:08:14,507 - INFO - Created subclip for 'None': 33 to 45
2025-02-20 18:08:14,508 - INFO - Created subclip for 'None': 45 to 52
2025-02-20 18:08:14,510 - INFO - Clearing original timeline clips.
2025-02-20 18:08:14,510 - INFO - Appending new clip: Original clip None, from 0 to 13
2025-02-20 18:08:14,511 - INFO - Appending new clip: Original clip None, from 13 to 17
2025-02-20 18:08:14,511 - INFO - Appending new clip: Original clip None, from 17 to 29
2025-02-20 18:08:14,512 - INFO - Appending new clip: Original clip None, from 0 to 5
2025-02-20 18:08:14,512 - INFO - Appending new clip: Original clip None, from 5 to 11
2025-02-20 18:08:14,512 - INFO - Appending new clip: Original clip None, from 11 to 41
2025-02-20 18:08:14,513 - INFO - Appending new clip: Original clip None, from 0 to 13
2025-02-20 18:08:14,514 - INFO - Appending new clip: Original clip None, from 13 to 33
2025-02-20 18:08:14,514 - INFO - Appending new clip: Original clip None, from 33 to 41
2025-02-20 18:08:14,515 - INFO - Appending new clip: Original clip None, from 0 to 13
2025-02-20 18:08:14,515 - INFO - Appending new clip: Original clip None, from 13 to 16
2025-02-20 18:08:14,516 - INFO - Appending new clip: Original clip None, from 16 to 20
2025-02-20 18:08:14,516 - INFO - Appending new clip: Original clip None, from 0 to 14
2025-02-20 18:08:14,517 - INFO - Appending new clip: Original clip None, from 14 to 20
2025-02-20 18:08:14,517 - INFO - Appending new clip: Original clip None, from 20 to 47
2025-02-20 18:08:14,517 - INFO - Appending new clip: Original clip None, from 0 to 33
2025-02-20 18:08:14,518 - INFO - Appending new clip: Original clip None, from 33 to 45
2025-02-20 18:08:14,518 - INFO - Appending new clip: Original clip None, from 45 to 52
2025-02-20 18:08:14,518 - INFO - Timeline updated with trimmed clips.
2025-02-20 18:08:20,427 - INFO - Finished AI Auto Color on 6 clip(s).
2025-02-20 18:11:53,906 - INFO - Connected to DaVinci Resolve on attempt 1.
2025-02-20 18:13:18,082 - INFO - Connected to DaVinci Resolve on attempt 1.
2025-02-20 18:16:04,960 - INFO - Connected to DaVinci Resolve on attempt 1.
2025-02-20 18:16:41,245 - INFO - Connected to DaVinci Resolve on attempt 1.
2025-02-20 18:16:49,999 - INFO - Imported media: ['C:/Users/garre/Videos/Test Shoot/20250220_152451.mp4']
2025-02-20 18:16:50,290 - INFO - Added clip: C:/Users/garre/Videos/Test Shoot/20250220_152451.mp4
2025-02-20 18:16:51,597 - INFO - Imported media: ['C:/Users/garre/Videos/Test Shoot/20250220_152603.mp4']
2025-02-20 18:16:51,599 - INFO - Added clip: C:/Users/garre/Videos/Test Shoot/20250220_152603.mp4
2025-02-20 18:16:51,664 - INFO - Imported media: ['C:/Users/garre/Videos/Test Shoot/20250220_152650.mp4']
2025-02-20 18:16:51,665 - INFO - Added clip: C:/Users/garre/Videos/Test Shoot/20250220_152650.mp4
2025-02-20 18:16:51,723 - INFO - Imported media: ['C:/Users/garre/Videos/Test Shoot/20250220_152804.mp4']
2025-02-20 18:16:51,724 - INFO - Added clip: C:/Users/garre/Videos/Test Shoot/20250220_152804.mp4
2025-02-20 18:16:51,774 - INFO - Imported media: ['C:/Users/garre/Videos/Test Shoot/20250220_153059.mp4']
2025-02-20 18:16:51,776 - INFO - Added clip: C:/Users/garre/Videos/Test Shoot/20250220_153059.mp4
2025-02-20 18:16:51,824 - INFO - Imported media: ['C:/Users/garre/Videos/Test Shoot/20250220_153140.mp4']
2025-02-20 18:16:51,826 - INFO - Added clip: C:/Users/garre/Videos/Test Shoot/20250220_153140.mp4
2025-02-20 18:16:57,791 - INFO - Timeline created successfully with 6 clip(s).
2025-02-20 18:17:13,175 - INFO - Clip 'None' (duration 24 sec): Detected scene changes: [0, 5, 7, 24]
2025-02-20 18:17:13,176 - INFO - Created subclip for 'None': 0 to 5
2025-02-20 18:17:13,176 - INFO - Created subclip for 'None': 5 to 7
2025-02-20 18:17:13,176 - INFO - Created subclip for 'None': 7 to 24
2025-02-20 18:17:13,176 - INFO - Clip 'None' (duration 53 sec): Detected scene changes: [0, 27, 43, 53]
2025-02-20 18:17:13,177 - INFO - Created subclip for 'None': 0 to 27
2025-02-20 18:17:13,177 - INFO - Created subclip for 'None': 27 to 43
2025-02-20 18:17:13,177 - INFO - Created subclip for 'None': 43 to 53
2025-02-20 18:17:13,178 - INFO - Clip 'None' (duration 30 sec): Detected scene changes: [0, 10, 13, 30]
2025-02-20 18:17:13,178 - INFO - Created subclip for 'None': 0 to 10
2025-02-20 18:17:13,178 - INFO - Created subclip for 'None': 10 to 13
2025-02-20 18:17:13,179 - INFO - Created subclip for 'None': 13 to 30
2025-02-20 18:17:13,179 - INFO - Clip 'None' (duration 56 sec): Detected scene changes: [0, 23, 24, 56]
2025-02-20 18:17:13,180 - INFO - Created subclip for 'None': 0 to 23
2025-02-20 18:17:13,180 - INFO - Skipping segment from 23 to 24 (duration 1 sec) as too short.
2025-02-20 18:17:13,180 - INFO - Created subclip for 'None': 24 to 56
2025-02-20 18:17:13,181 - INFO - Clip 'None' (duration 22 sec): Detected scene changes: [0, 5, 14, 22]
2025-02-20 18:17:13,181 - INFO - Created subclip for 'None': 0 to 5
2025-02-20 18:17:13,181 - INFO - Created subclip for 'None': 5 to 14
2025-02-20 18:17:13,181 - INFO - Created subclip for 'None': 14 to 22
2025-02-20 18:17:13,182 - INFO - Clip 'None' (duration 34 sec): Detected scene changes: [0, 7, 20, 34]
2025-02-20 18:17:13,182 - INFO - Created subclip for 'None': 0 to 7
2025-02-20 18:17:13,182 - INFO - Created subclip for 'None': 7 to 20
2025-02-20 18:17:13,182 - INFO - Skipping segment from 20 to 34 as dark/empty scene.
2025-02-20 18:17:13,184 - ERROR - Error creating trimmed clip: 'NoneType' object is not callable
Traceback (most recent call last):
  File "C:\Programming\DavinciAI\backend.py", line 89, in create_trimmed_clip
    trimmed_clip = self.media_pool.DuplicateMediaPoolItem(clip_item)  # Hypothetical method
TypeError: 'NoneType' object is not callable
2025-02-20 18:17:13,191 - ERROR - Failed to create trimmed clip for clip: None
2025-02-20 18:17:13,192 - ERROR - Error creating trimmed clip: 'NoneType' object is not callable
Traceback (most recent call last):
  File "C:\Programming\DavinciAI\backend.py", line 89, in create_trimmed_clip
    trimmed_clip = self.media_pool.DuplicateMediaPoolItem(clip_item)  # Hypothetical method
TypeError: 'NoneType' object is not callable
2025-02-20 18:17:13,194 - ERROR - Failed to create trimmed clip for clip: None
2025-02-20 18:17:13,194 - ERROR - Error creating trimmed clip: 'NoneType' object is not callable
Traceback (most recent call last):
  File "C:\Programming\DavinciAI\backend.py", line 89, in create_trimmed_clip
    trimmed_clip = self.media_pool.DuplicateMediaPoolItem(clip_item)  # Hypothetical method
TypeError: 'NoneType' object is not callable
2025-02-20 18:17:13,195 - ERROR - Failed to create trimmed clip for clip: None
2025-02-20 18:17:13,195 - ERROR - Error creating trimmed clip: 'NoneType' object is not callable
Traceback (most recent call last):
  File "C:\Programming\DavinciAI\backend.py", line 89, in create_trimmed_clip
    trimmed_clip = self.media_pool.DuplicateMediaPoolItem(clip_item)  # Hypothetical method
TypeError: 'NoneType' object is not callable
2025-02-20 18:17:13,196 - ERROR - Failed to create trimmed clip for clip: None
2025-02-20 18:17:13,196 - ERROR - Error creating trimmed clip: 'NoneType' object is not callable
Traceback (most recent call last):
  File "C:\Programming\DavinciAI\backend.py", line 89, in create_trimmed_clip
    trimmed_clip = self.media_pool.DuplicateMediaPoolItem(clip_item)  # Hypothetical method
TypeError: 'NoneType' object is not callable
2025-02-20 18:17:13,197 - ERROR - Failed to create trimmed clip for clip: None
2025-02-20 18:17:13,197 - ERROR - Error creating trimmed clip: 'NoneType' object is not callable
Traceback (most recent call last):
  File "C:\Programming\DavinciAI\backend.py", line 89, in create_trimmed_clip
    trimmed_clip = self.media_pool.DuplicateMediaPoolItem(clip_item)  # Hypothetical method
TypeError: 'NoneType' object is not callable
2025-02-20 18:17:13,198 - ERROR - Failed to create trimmed clip for clip: None
2025-02-20 18:17:13,198 - ERROR - Error creating trimmed clip: 'NoneType' object is not callable
Traceback (most recent call last):
  File "C:\Programming\DavinciAI\backend.py", line 89, in create_trimmed_clip
    trimmed_clip = self.media_pool.DuplicateMediaPoolItem(clip_item)  # Hypothetical method
TypeError: 'NoneType' object is not callable
2025-02-20 18:17:13,199 - ERROR - Failed to create trimmed clip for clip: None
2025-02-20 18:17:13,199 - ERROR - Error creating trimmed clip: 'NoneType' object is not callable
Traceback (most recent call last):
  File "C:\Programming\DavinciAI\backend.py", line 89, in create_trimmed_clip
    trimmed_clip = self.media_pool.DuplicateMediaPoolItem(clip_item)  # Hypothetical method
TypeError: 'NoneType' object is not callable
2025-02-20 18:17:13,200 - ERROR - Failed to create trimmed clip for clip: None
2025-02-20 18:17:13,200 - ERROR - Error creating trimmed clip: 'NoneType' object is not callable
Traceback (most recent call last):
  File "C:\Programming\DavinciAI\backend.py", line 89, in create_trimmed_clip
    trimmed_clip = self.media_pool.DuplicateMediaPoolItem(clip_item)  # Hypothetical method
TypeError: 'NoneType' object is not callable
2025-02-20 18:17:13,201 - ERROR - Failed to create trimmed clip for clip: None
2025-02-20 18:17:13,201 - ERROR - Error creating trimmed clip: 'NoneType' object is not callable
Traceback (most recent call last):
  File "C:\Programming\DavinciAI\backend.py", line 89, in create_trimmed_clip
    trimmed_clip = self.media_pool.DuplicateMediaPoolItem(clip_item)  # Hypothetical method
TypeError: 'NoneType' object is not callable
2025-02-20 18:17:13,202 - ERROR - Failed to create trimmed clip for clip: None
2025-02-20 18:17:13,202 - ERROR - Error creating trimmed clip: 'NoneType' object is not callable
Traceback (most recent call last):
  File "C:\Programming\DavinciAI\backend.py", line 89, in create_trimmed_clip
    trimmed_clip = self.media_pool.DuplicateMediaPoolItem(clip_item)  # Hypothetical method
TypeError: 'NoneType' object is not callable
2025-02-20 18:17:13,203 - ERROR - Failed to create trimmed clip for clip: None
2025-02-20 18:17:13,204 - ERROR - Error creating trimmed clip: 'NoneType' object is not callable
Traceback (most recent call last):
  File "C:\Programming\DavinciAI\backend.py", line 89, in create_trimmed_clip
    trimmed_clip = self.media_pool.DuplicateMediaPoolItem(clip_item)  # Hypothetical method
TypeError: 'NoneType' object is not callable
2025-02-20 18:17:13,205 - ERROR - Failed to create trimmed clip for clip: None
2025-02-20 18:17:13,205 - ERROR - Error creating trimmed clip: 'NoneType' object is not callable
Traceback (most recent call last):
  File "C:\Programming\DavinciAI\backend.py", line 89, in create_trimmed_clip
    trimmed_clip = self.media_pool.DuplicateMediaPoolItem(clip_item)  # Hypothetical method
TypeError: 'NoneType' object is not callable
2025-02-20 18:17:13,206 - ERROR - Failed to create trimmed clip for clip: None
2025-02-20 18:17:13,206 - ERROR - Error creating trimmed clip: 'NoneType' object is not callable
Traceback (most recent call last):
  File "C:\Programming\DavinciAI\backend.py", line 89, in create_trimmed_clip
    trimmed_clip = self.media_pool.DuplicateMediaPoolItem(clip_item)  # Hypothetical method
TypeError: 'NoneType' object is not callable
2025-02-20 18:17:13,207 - ERROR - Failed to create trimmed clip for clip: None
2025-02-20 18:17:13,207 - ERROR - Error creating trimmed clip: 'NoneType' object is not callable
Traceback (most recent call last):
  File "C:\Programming\DavinciAI\backend.py", line 89, in create_trimmed_clip
    trimmed_clip = self.media_pool.DuplicateMediaPoolItem(clip_item)  # Hypothetical method
TypeError: 'NoneType' object is not callable
2025-02-20 18:17:13,208 - ERROR - Failed to create trimmed clip for clip: None
2025-02-20 18:17:13,208 - ERROR - Error creating trimmed clip: 'NoneType' object is not callable
Traceback (most recent call last):
  File "C:\Programming\DavinciAI\backend.py", line 89, in create_trimmed_clip
    trimmed_clip = self.media_pool.DuplicateMediaPoolItem(clip_item)  # Hypothetical method
TypeError: 'NoneType' object is not callable
2025-02-20 18:17:13,209 - ERROR - Failed to create trimmed clip for clip: None
2025-02-20 18:17:13,209 - ERROR - No trimmed items were created from scene detection.
2025-02-20 18:25:16,141 - INFO - Connected to DaVinci Resolve on attempt 1.
2025-02-20 18:25:26,463 - INFO - Imported media: ['C:/Users/garre/Videos/Test Shoot/20250220_152451.mp4']
2025-02-20 18:25:26,748 - INFO - Added clip: C:/Users/garre/Videos/Test Shoot/20250220_152451.mp4
2025-02-20 18:25:26,759 - INFO - Imported media: ['C:/Users/garre/Videos/Test Shoot/20250220_152603.mp4']
2025-02-20 18:25:26,761 - INFO - Added clip: C:/Users/garre/Videos/Test Shoot/20250220_152603.mp4
2025-02-20 18:25:26,771 - INFO - Imported media: ['C:/Users/garre/Videos/Test Shoot/20250220_152650.mp4']
2025-02-20 18:25:26,772 - INFO - Added clip: C:/Users/garre/Videos/Test Shoot/20250220_152650.mp4
2025-02-20 18:25:26,784 - INFO - Imported media: ['C:/Users/garre/Videos/Test Shoot/20250220_152804.mp4']
2025-02-20 18:25:26,786 - INFO - Added clip: C:/Users/garre/Videos/Test Shoot/20250220_152804.mp4
2025-02-20 18:25:26,797 - INFO - Imported media: ['C:/Users/garre/Videos/Test Shoot/20250220_153059.mp4']
2025-02-20 18:25:26,799 - INFO - Added clip: C:/Users/garre/Videos/Test Shoot/20250220_153059.mp4
2025-02-20 18:25:26,809 - INFO - Imported media: ['C:/Users/garre/Videos/Test Shoot/20250220_153140.mp4']
2025-02-20 18:25:26,811 - INFO - Added clip: C:/Users/garre/Videos/Test Shoot/20250220_153140.mp4
2025-02-20 18:26:20,011 - INFO - Connected to DaVinci Resolve on attempt 1.
2025-02-20 18:26:23,699 - INFO - Imported media: ['C:/Users/garre/Videos/Test Shoot/20250220_152451.mp4']
2025-02-20 18:26:23,986 - INFO - Added clip: C:/Users/garre/Videos/Test Shoot/20250220_152451.mp4
2025-02-20 18:26:25,376 - INFO - Imported media: ['C:/Users/garre/Videos/Test Shoot/20250220_152603.mp4']
2025-02-20 18:26:25,378 - INFO - Added clip: C:/Users/garre/Videos/Test Shoot/20250220_152603.mp4
2025-02-20 18:26:25,444 - INFO - Imported media: ['C:/Users/garre/Videos/Test Shoot/20250220_152650.mp4']
2025-02-20 18:26:25,446 - INFO - Added clip: C:/Users/garre/Videos/Test Shoot/20250220_152650.mp4
2025-02-20 18:26:25,508 - INFO - Imported media: ['C:/Users/garre/Videos/Test Shoot/20250220_152804.mp4']
2025-02-20 18:26:25,509 - INFO - Added clip: C:/Users/garre/Videos/Test Shoot/20250220_152804.mp4
2025-02-20 18:26:25,561 - INFO - Imported media: ['C:/Users/garre/Videos/Test Shoot/20250220_153059.mp4']
2025-02-20 18:26:25,562 - INFO - Added clip: C:/Users/garre/Videos/Test Shoot/20250220_153059.mp4
2025-02-20 18:26:25,612 - INFO - Imported media: ['C:/Users/garre/Videos/Test Shoot/20250220_153140.mp4']
2025-02-20 18:26:25,613 - INFO - Added clip: C:/Users/garre/Videos/Test Shoot/20250220_153140.mp4
2025-02-20 18:26:28,025 - INFO - Timeline created successfully with 6 clip(s).
2025-02-20 18:26:44,079 - INFO - Clip 'None' (duration 35 sec): Detected scene changes: [0, 13, 23, 35]
2025-02-20 18:26:44,080 - INFO - Created subclip for 'None': 0 to 13
2025-02-20 18:26:44,080 - INFO - Created subclip for 'None': 13 to 23
2025-02-20 18:26:44,080 - INFO - Created subclip for 'None': 23 to 35
2025-02-20 18:26:44,080 - INFO - Clip 'None' (duration 47 sec): Detected scene changes: [0, 19, 25, 47]
2025-02-20 18:26:44,080 - INFO - Created subclip for 'None': 0 to 19
2025-02-20 18:26:44,081 - INFO - Created subclip for 'None': 19 to 25
2025-02-20 18:26:44,082 - INFO - Created subclip for 'None': 25 to 47
2025-02-20 18:26:44,083 - INFO - Clip 'None' (duration 47 sec): Detected scene changes: [0, 17, 19, 47]
2025-02-20 18:26:44,083 - INFO - Created subclip for 'None': 0 to 17
2025-02-20 18:26:44,084 - INFO - Created subclip for 'None': 17 to 19
2025-02-20 18:26:44,084 - INFO - Created subclip for 'None': 19 to 47
2025-02-20 18:26:44,085 - INFO - Clip 'None' (duration 55 sec): Detected scene changes: [0, 16, 27, 55]
2025-02-20 18:26:44,085 - INFO - Created subclip for 'None': 0 to 16
2025-02-20 18:26:44,085 - INFO - Created subclip for 'None': 16 to 27
2025-02-20 18:26:44,085 - INFO - Skipping segment from 27 to 55 as dark/empty scene.
2025-02-20 18:26:44,086 - INFO - Clip 'None' (duration 37 sec): Detected scene changes: [0, 26, 29, 37]
2025-02-20 18:26:44,086 - INFO - Created subclip for 'None': 0 to 26
2025-02-20 18:26:44,087 - INFO - Created subclip for 'None': 26 to 29
2025-02-20 18:26:44,087 - INFO - Created subclip for 'None': 29 to 37
2025-02-20 18:26:44,088 - INFO - Clip 'None' (duration 50 sec): Detected scene changes: [0, 25, 36, 50]
2025-02-20 18:26:44,088 - INFO - Created subclip for 'None': 0 to 25
2025-02-20 18:26:44,089 - INFO - Created subclip for 'None': 25 to 36
2025-02-20 18:26:44,089 - INFO - Created subclip for 'None': 36 to 50
2025-02-20 18:26:44,091 - ERROR - Clip item has no valid file name property.
2025-02-20 18:26:44,091 - ERROR - Clip item has no valid file name property.
2025-02-20 18:26:44,092 - ERROR - Clip item has no valid file name property.
2025-02-20 18:26:44,092 - ERROR - Clip item has no valid file name property.
2025-02-20 18:26:44,093 - ERROR - Clip item has no valid file name property.
2025-02-20 18:26:44,093 - ERROR - Clip item has no valid file name property.
2025-02-20 18:26:44,093 - ERROR - Clip item has no valid file name property.
2025-02-20 18:26:44,094 - ERROR - Clip item has no valid file name property.
2025-02-20 18:26:44,094 - ERROR - Clip item has no valid file name property.
2025-02-20 18:26:44,095 - ERROR - Clip item has no valid file name property.
2025-02-20 18:26:44,095 - ERROR - Clip item has no valid file name property.
2025-02-20 18:26:44,096 - ERROR - Clip item has no valid file name property.
2025-02-20 18:26:44,096 - ERROR - Clip item has no valid file name property.
2025-02-20 18:26:44,097 - ERROR - Clip item has no valid file name property.
2025-02-20 18:26:44,097 - ERROR - Clip item has no valid file name property.
2025-02-20 18:26:44,099 - ERROR - Clip item has no valid file name property.
2025-02-20 18:26:44,099 - ERROR - Clip item has no valid file name property.
2025-02-20 18:26:44,099 - ERROR - No subclips were created from scene detection.
2025-02-20 18:31:56,582 - INFO - Connected to DaVinci Resolve on attempt 1.
2025-02-20 18:32:13,299 - INFO - Imported media: ['C:/Users/garre/Videos/Test Shoot/20250220_152451.mp4']
2025-02-20 18:32:13,589 - INFO - Added clip: C:/Users/garre/Videos/Test Shoot/20250220_152451.mp4
2025-02-20 18:32:14,949 - INFO - Imported media: ['C:/Users/garre/Videos/Test Shoot/20250220_152603.mp4']
2025-02-20 18:32:14,951 - INFO - Added clip: C:/Users/garre/Videos/Test Shoot/20250220_152603.mp4
2025-02-20 18:32:15,021 - INFO - Imported media: ['C:/Users/garre/Videos/Test Shoot/20250220_152650.mp4']
2025-02-20 18:32:15,022 - INFO - Added clip: C:/Users/garre/Videos/Test Shoot/20250220_152650.mp4
2025-02-20 18:32:15,077 - INFO - Imported media: ['C:/Users/garre/Videos/Test Shoot/20250220_152804.mp4']
2025-02-20 18:32:15,079 - INFO - Added clip: C:/Users/garre/Videos/Test Shoot/20250220_152804.mp4
2025-02-20 18:32:15,129 - INFO - Imported media: ['C:/Users/garre/Videos/Test Shoot/20250220_153059.mp4']
2025-02-20 18:32:15,130 - INFO - Added clip: C:/Users/garre/Videos/Test Shoot/20250220_153059.mp4
2025-02-20 18:32:15,180 - INFO - Imported media: ['C:/Users/garre/Videos/Test Shoot/20250220_153140.mp4']
2025-02-20 18:32:15,181 - INFO - Added clip: C:/Users/garre/Videos/Test Shoot/20250220_153140.mp4
2025-02-20 18:32:17,694 - INFO - Timeline created successfully with 6 clip(s).
2025-02-20 18:32:29,194 - INFO - Clip 'C:\Users\garre\Videos\Test Shoot\20250220_152451.mp4' (duration 40 sec): Detected scene changes: [0, 22, 28, 40]
2025-02-20 18:32:29,194 - INFO - Created subclip for 'C:\Users\garre\Videos\Test Shoot\20250220_152451.mp4': 0 to 22
2025-02-20 18:32:29,194 - INFO - Created subclip for 'C:\Users\garre\Videos\Test Shoot\20250220_152451.mp4': 22 to 28
2025-02-20 18:32:29,195 - INFO - Created subclip for 'C:\Users\garre\Videos\Test Shoot\20250220_152451.mp4': 28 to 40
2025-02-20 18:32:29,195 - INFO - Clip 'C:\Users\garre\Videos\Test Shoot\20250220_152603.mp4' (duration 49 sec): Detected scene changes: [0, 16, 38, 49]
2025-02-20 18:32:29,195 - INFO - Created subclip for 'C:\Users\garre\Videos\Test Shoot\20250220_152603.mp4': 0 to 16
2025-02-20 18:32:29,196 - INFO - Created subclip for 'C:\Users\garre\Videos\Test Shoot\20250220_152603.mp4': 16 to 38
2025-02-20 18:32:29,196 - INFO - Created subclip for 'C:\Users\garre\Videos\Test Shoot\20250220_152603.mp4': 38 to 49
2025-02-20 18:32:29,197 - INFO - Clip 'C:\Users\garre\Videos\Test Shoot\20250220_152650.mp4' (duration 57 sec): Detected scene changes: [0, 36, 37, 57]
2025-02-20 18:32:29,197 - INFO - Created subclip for 'C:\Users\garre\Videos\Test Shoot\20250220_152650.mp4': 0 to 36
2025-02-20 18:32:29,197 - INFO - Skipping segment from 36 to 37 (duration 1 sec) as too short.
2025-02-20 18:32:29,198 - INFO - Created subclip for 'C:\Users\garre\Videos\Test Shoot\20250220_152650.mp4': 37 to 57
2025-02-20 18:32:29,198 - INFO - Clip 'C:\Users\garre\Videos\Test Shoot\20250220_152804.mp4' (duration 30 sec): Detected scene changes: [0, 2, 27, 30]
2025-02-20 18:32:29,198 - INFO - Skipping segment from 0 to 2 as dark/empty scene.
2025-02-20 18:32:29,199 - INFO - Skipping segment from 2 to 27 as dark/empty scene.
2025-02-20 18:32:29,199 - INFO - Created subclip for 'C:\Users\garre\Videos\Test Shoot\20250220_152804.mp4': 27 to 30
2025-02-20 18:32:29,200 - INFO - Clip 'C:\Users\garre\Videos\Test Shoot\20250220_153059.mp4' (duration 45 sec): Detected scene changes: [0, 13, 16, 45]
2025-02-20 18:32:29,200 - INFO - Created subclip for 'C:\Users\garre\Videos\Test Shoot\20250220_153059.mp4': 0 to 13
2025-02-20 18:32:29,200 - INFO - Created subclip for 'C:\Users\garre\Videos\Test Shoot\20250220_153059.mp4': 13 to 16
2025-02-20 18:32:29,201 - INFO - Created subclip for 'C:\Users\garre\Videos\Test Shoot\20250220_153059.mp4': 16 to 45
2025-02-20 18:32:29,201 - INFO - Clip 'C:\Users\garre\Videos\Test Shoot\20250220_153140.mp4' (duration 20 sec): Detected scene changes: [0, 3, 16, 20]
2025-02-20 18:32:29,202 - INFO - Created subclip for 'C:\Users\garre\Videos\Test Shoot\20250220_153140.mp4': 0 to 3
2025-02-20 18:32:29,202 - INFO - Created subclip for 'C:\Users\garre\Videos\Test Shoot\20250220_153140.mp4': 3 to 16
2025-02-20 18:32:29,202 - INFO - Created subclip for 'C:\Users\garre\Videos\Test Shoot\20250220_153140.mp4': 16 to 20
2025-02-20 18:32:29,205 - ERROR - Clip item has no valid file name property.
2025-02-20 18:32:29,205 - ERROR - Clip item has no valid file name property.
2025-02-20 18:32:29,205 - ERROR - Clip item has no valid file name property.
2025-02-20 18:32:29,206 - ERROR - Clip item has no valid file name property.
2025-02-20 18:32:29,206 - ERROR - Clip item has no valid file name property.
2025-02-20 18:32:29,207 - ERROR - Clip item has no valid file name property.
2025-02-20 18:32:29,207 - ERROR - Clip item has no valid file name property.
2025-02-20 18:32:29,208 - ERROR - Clip item has no valid file name property.
2025-02-20 18:32:29,208 - ERROR - Clip item has no valid file name property.
2025-02-20 18:32:29,208 - ERROR - Clip item has no valid file name property.
2025-02-20 18:32:29,209 - ERROR - Clip item has no valid file name property.
2025-02-20 18:32:29,210 - ERROR - Clip item has no valid file name property.
2025-02-20 18:32:29,210 - ERROR - Clip item has no valid file name property.
2025-02-20 18:32:29,211 - ERROR - Clip item has no valid file name property.
2025-02-20 18:32:29,212 - ERROR - Clip item has no valid file name property.
2025-02-20 18:32:29,212 - ERROR - No subclips were created from scene detection.
2025-02-20 18:35:37,527 - INFO - Connected to DaVinci Resolve on attempt 1.
2025-02-20 18:35:44,473 - INFO - Imported media: ['C:/Users/garre/Videos/Test Shoot/20250220_152451.mp4']
2025-02-20 18:35:44,777 - INFO - Added clip: C:/Users/garre/Videos/Test Shoot/20250220_152451.mp4
2025-02-20 18:35:46,061 - INFO - Imported media: ['C:/Users/garre/Videos/Test Shoot/20250220_152603.mp4']
2025-02-20 18:35:46,062 - INFO - Added clip: C:/Users/garre/Videos/Test Shoot/20250220_152603.mp4
2025-02-20 18:35:46,130 - INFO - Imported media: ['C:/Users/garre/Videos/Test Shoot/20250220_152650.mp4']
2025-02-20 18:35:46,132 - INFO - Added clip: C:/Users/garre/Videos/Test Shoot/20250220_152650.mp4
2025-02-20 18:35:46,191 - INFO - Imported media: ['C:/Users/garre/Videos/Test Shoot/20250220_153059.mp4']
2025-02-20 18:35:46,193 - INFO - Added clip: C:/Users/garre/Videos/Test Shoot/20250220_153059.mp4
2025-02-20 18:35:46,245 - INFO - Imported media: ['C:/Users/garre/Videos/Test Shoot/20250220_153140.mp4']
2025-02-20 18:35:46,247 - INFO - Added clip: C:/Users/garre/Videos/Test Shoot/20250220_153140.mp4
2025-02-20 18:35:48,782 - INFO - Timeline created successfully with 5 clip(s).
2025-02-20 18:35:58,775 - INFO - Clip 'C:\Users\garre\Videos\Test Shoot\20250220_152451.mp4' (duration 22 sec): Detected scene changes: [0, 5, 15, 22]
2025-02-20 18:35:58,775 - INFO - Created subclip for 'C:\Users\garre\Videos\Test Shoot\20250220_152451.mp4': 0 to 5
2025-02-20 18:35:58,775 - INFO - Created subclip for 'C:\Users\garre\Videos\Test Shoot\20250220_152451.mp4': 5 to 15
2025-02-20 18:35:58,775 - INFO - Created subclip for 'C:\Users\garre\Videos\Test Shoot\20250220_152451.mp4': 15 to 22
2025-02-20 18:35:58,776 - INFO - Clip 'C:\Users\garre\Videos\Test Shoot\20250220_152603.mp4' (duration 45 sec): Detected scene changes: [0, 15, 40, 45]
2025-02-20 18:35:58,776 - INFO - Skipping segment from 0 to 15 as dark/empty scene.
2025-02-20 18:35:58,777 - INFO - Created subclip for 'C:\Users\garre\Videos\Test Shoot\20250220_152603.mp4': 15 to 40
2025-02-20 18:35:58,777 - INFO - Created subclip for 'C:\Users\garre\Videos\Test Shoot\20250220_152603.mp4': 40 to 45
2025-02-20 18:35:58,778 - INFO - Clip 'C:\Users\garre\Videos\Test Shoot\20250220_152650.mp4' (duration 47 sec): Detected scene changes: [0, 7, 35, 47]
2025-02-20 18:35:58,778 - INFO - Created subclip for 'C:\Users\garre\Videos\Test Shoot\20250220_152650.mp4': 0 to 7
2025-02-20 18:35:58,778 - INFO - Created subclip for 'C:\Users\garre\Videos\Test Shoot\20250220_152650.mp4': 7 to 35
2025-02-20 18:35:58,779 - INFO - Created subclip for 'C:\Users\garre\Videos\Test Shoot\20250220_152650.mp4': 35 to 47
2025-02-20 18:35:58,779 - INFO - Clip 'C:\Users\garre\Videos\Test Shoot\20250220_153059.mp4' (duration 21 sec): Detected scene changes: [0, 8, 16, 21]
2025-02-20 18:35:58,780 - INFO - Created subclip for 'C:\Users\garre\Videos\Test Shoot\20250220_153059.mp4': 0 to 8
2025-02-20 18:35:58,780 - INFO - Created subclip for 'C:\Users\garre\Videos\Test Shoot\20250220_153059.mp4': 8 to 16
2025-02-20 18:35:58,780 - INFO - Created subclip for 'C:\Users\garre\Videos\Test Shoot\20250220_153059.mp4': 16 to 21
2025-02-20 18:35:58,781 - INFO - Clip 'C:\Users\garre\Videos\Test Shoot\20250220_153140.mp4' (duration 50 sec): Detected scene changes: [0, 32, 42, 50]
2025-02-20 18:35:58,781 - INFO - Created subclip for 'C:\Users\garre\Videos\Test Shoot\20250220_153140.mp4': 0 to 32
2025-02-20 18:35:58,781 - INFO - Created subclip for 'C:\Users\garre\Videos\Test Shoot\20250220_153140.mp4': 32 to 42
2025-02-20 18:35:58,782 - INFO - Created subclip for 'C:\Users\garre\Videos\Test Shoot\20250220_153140.mp4': 42 to 50
2025-02-20 18:35:58,784 - ERROR - Clip item has no valid file name property.
2025-02-20 18:35:58,784 - ERROR - Clip item has no valid file name property.
2025-02-20 18:35:58,785 - ERROR - Clip item has no valid file name property.
2025-02-20 18:35:58,785 - ERROR - Clip item has no valid file name property.
2025-02-20 18:35:58,786 - ERROR - Clip item has no valid file name property.
2025-02-20 18:35:58,786 - ERROR - Clip item has no valid file name property.
2025-02-20 18:35:58,786 - ERROR - Clip item has no valid file name property.
2025-02-20 18:35:58,787 - ERROR - Clip item has no valid file name property.
2025-02-20 18:35:58,787 - ERROR - Clip item has no valid file name property.
2025-02-20 18:35:58,788 - ERROR - Clip item has no valid file name property.
2025-02-20 18:35:58,788 - ERROR - Clip item has no valid file name property.
2025-02-20 18:35:58,788 - ERROR - Clip item has no valid file name property.
2025-02-20 18:35:58,789 - ERROR - Clip item has no valid file name property.
2025-02-20 18:35:58,789 - ERROR - Clip item has no valid file name property.
2025-02-20 18:35:58,789 - ERROR - No subclips were created from scene detection.
2025-02-20 18:37:26,024 - INFO - Connected to DaVinci Resolve on attempt 1.
2025-02-20 18:38:51,231 - INFO - Connected to DaVinci Resolve on attempt 1.
2025-02-20 18:38:57,099 - WARNING - No clips available for scene detection.
2025-02-20 18:39:42,761 - INFO - Connected to DaVinci Resolve on attempt 1.
2025-02-20 18:39:49,152 - INFO - Imported media: ['C:/Users/garre/Videos/Test Shoot/20250220_152451.mp4']
2025-02-20 18:39:49,449 - INFO - Added clip: C:/Users/garre/Videos/Test Shoot/20250220_152451.mp4
2025-02-20 18:39:50,854 - INFO - Imported media: ['C:/Users/garre/Videos/Test Shoot/20250220_152603.mp4']
2025-02-20 18:39:50,856 - INFO - Added clip: C:/Users/garre/Videos/Test Shoot/20250220_152603.mp4
2025-02-20 18:39:50,925 - INFO - Imported media: ['C:/Users/garre/Videos/Test Shoot/20250220_152650.mp4']
2025-02-20 18:39:50,926 - INFO - Added clip: C:/Users/garre/Videos/Test Shoot/20250220_152650.mp4
2025-02-20 18:39:50,979 - INFO - Imported media: ['C:/Users/garre/Videos/Test Shoot/20250220_153059.mp4']
2025-02-20 18:39:50,981 - INFO - Added clip: C:/Users/garre/Videos/Test Shoot/20250220_153059.mp4
2025-02-20 18:39:51,030 - INFO - Imported media: ['C:/Users/garre/Videos/Test Shoot/20250220_153140.mp4']
2025-02-20 18:39:51,032 - INFO - Added clip: C:/Users/garre/Videos/Test Shoot/20250220_153140.mp4
2025-02-20 18:39:52,975 - INFO - Timeline created successfully with 5 clip(s).
2025-02-20 18:40:00,496 - INFO - Clip 'C:\Users\garre\Videos\Test Shoot\20250220_152451.mp4' (duration 58 sec): Detected scene changes: [0, 23, 46, 58]
2025-02-20 18:40:00,497 - INFO - Created subclip for 'C:\Users\garre\Videos\Test Shoot\20250220_152451.mp4': 0 to 23
2025-02-20 18:40:00,497 - INFO - Created subclip for 'C:\Users\garre\Videos\Test Shoot\20250220_152451.mp4': 23 to 46
2025-02-20 18:40:00,497 - INFO - Created subclip for 'C:\Users\garre\Videos\Test Shoot\20250220_152451.mp4': 46 to 58
2025-02-20 18:40:00,498 - INFO - Clip 'C:\Users\garre\Videos\Test Shoot\20250220_152603.mp4' (duration 56 sec): Detected scene changes: [0, 40, 44, 56]
2025-02-20 18:40:00,498 - INFO - Created subclip for 'C:\Users\garre\Videos\Test Shoot\20250220_152603.mp4': 0 to 40
2025-02-20 18:40:00,498 - INFO - Skipping segment from 40 to 44 as dark/empty scene.
2025-02-20 18:40:00,499 - INFO - Created subclip for 'C:\Users\garre\Videos\Test Shoot\20250220_152603.mp4': 44 to 56
2025-02-20 18:40:00,499 - INFO - Clip 'C:\Users\garre\Videos\Test Shoot\20250220_152650.mp4' (duration 57 sec): Detected scene changes: [0, 9, 55, 57]
2025-02-20 18:40:00,500 - INFO - Created subclip for 'C:\Users\garre\Videos\Test Shoot\20250220_152650.mp4': 0 to 9
2025-02-20 18:40:00,500 - INFO - Created subclip for 'C:\Users\garre\Videos\Test Shoot\20250220_152650.mp4': 9 to 55
2025-02-20 18:40:00,500 - INFO - Created subclip for 'C:\Users\garre\Videos\Test Shoot\20250220_152650.mp4': 55 to 57
2025-02-20 18:40:00,501 - INFO - Clip 'C:\Users\garre\Videos\Test Shoot\20250220_153059.mp4' (duration 38 sec): Detected scene changes: [0, 27, 30, 38]
2025-02-20 18:40:00,501 - INFO - Created subclip for 'C:\Users\garre\Videos\Test Shoot\20250220_153059.mp4': 0 to 27
2025-02-20 18:40:00,502 - INFO - Created subclip for 'C:\Users\garre\Videos\Test Shoot\20250220_153059.mp4': 27 to 30
2025-02-20 18:40:00,502 - INFO - Created subclip for 'C:\Users\garre\Videos\Test Shoot\20250220_153059.mp4': 30 to 38
2025-02-20 18:40:00,503 - INFO - Clip 'C:\Users\garre\Videos\Test Shoot\20250220_153140.mp4' (duration 58 sec): Detected scene changes: [0, 5, 19, 58]
2025-02-20 18:40:00,503 - INFO - Created subclip for 'C:\Users\garre\Videos\Test Shoot\20250220_153140.mp4': 0 to 5
2025-02-20 18:40:00,503 - INFO - Created subclip for 'C:\Users\garre\Videos\Test Shoot\20250220_153140.mp4': 5 to 19
2025-02-20 18:40:00,504 - INFO - Created subclip for 'C:\Users\garre\Videos\Test Shoot\20250220_153140.mp4': 19 to 58
2025-02-20 18:40:00,507 - ERROR - Exception creating subclip for clip 'C:\Users\garre\Videos\Test Shoot\20250220_152451.mp4': 'NoneType' object is not callable
Traceback (most recent call last):
  File "C:\Programming\DavinciAI\backend.py", line 124, in update_timeline_with_trimmed_clips
    subclip = self.media_pool.AddSubClip(
        clip_item,
    ...<3 lines>...
        1  # track index or additional parameters as needed
    )
TypeError: 'NoneType' object is not callable
2025-02-20 18:40:00,514 - ERROR - Exception creating subclip for clip 'C:\Users\garre\Videos\Test Shoot\20250220_152451.mp4': 'NoneType' object is not callable
Traceback (most recent call last):
  File "C:\Programming\DavinciAI\backend.py", line 124, in update_timeline_with_trimmed_clips
    subclip = self.media_pool.AddSubClip(
        clip_item,
    ...<3 lines>...
        1  # track index or additional parameters as needed
    )
TypeError: 'NoneType' object is not callable
2025-02-20 18:40:00,516 - ERROR - Exception creating subclip for clip 'C:\Users\garre\Videos\Test Shoot\20250220_152451.mp4': 'NoneType' object is not callable
Traceback (most recent call last):
  File "C:\Programming\DavinciAI\backend.py", line 124, in update_timeline_with_trimmed_clips
    subclip = self.media_pool.AddSubClip(
        clip_item,
    ...<3 lines>...
        1  # track index or additional parameters as needed
    )
TypeError: 'NoneType' object is not callable
2025-02-20 18:40:00,517 - ERROR - Exception creating subclip for clip 'C:\Users\garre\Videos\Test Shoot\20250220_152603.mp4': 'NoneType' object is not callable
Traceback (most recent call last):
  File "C:\Programming\DavinciAI\backend.py", line 124, in update_timeline_with_trimmed_clips
    subclip = self.media_pool.AddSubClip(
        clip_item,
    ...<3 lines>...
        1  # track index or additional parameters as needed
    )
TypeError: 'NoneType' object is not callable
2025-02-20 18:40:00,519 - ERROR - Exception creating subclip for clip 'C:\Users\garre\Videos\Test Shoot\20250220_152603.mp4': 'NoneType' object is not callable
Traceback (most recent call last):
  File "C:\Programming\DavinciAI\backend.py", line 124, in update_timeline_with_trimmed_clips
    subclip = self.media_pool.AddSubClip(
        clip_item,
    ...<3 lines>...
        1  # track index or additional parameters as needed
    )
TypeError: 'NoneType' object is not callable
2025-02-20 18:40:00,520 - ERROR - Exception creating subclip for clip 'C:\Users\garre\Videos\Test Shoot\20250220_152650.mp4': 'NoneType' object is not callable
Traceback (most recent call last):
  File "C:\Programming\DavinciAI\backend.py", line 124, in update_timeline_with_trimmed_clips
    subclip = self.media_pool.AddSubClip(
        clip_item,
    ...<3 lines>...
        1  # track index or additional parameters as needed
    )
TypeError: 'NoneType' object is not callable
2025-02-20 18:40:00,521 - ERROR - Exception creating subclip for clip 'C:\Users\garre\Videos\Test Shoot\20250220_152650.mp4': 'NoneType' object is not callable
Traceback (most recent call last):
  File "C:\Programming\DavinciAI\backend.py", line 124, in update_timeline_with_trimmed_clips
    subclip = self.media_pool.AddSubClip(
        clip_item,
    ...<3 lines>...
        1  # track index or additional parameters as needed
    )
TypeError: 'NoneType' object is not callable
2025-02-20 18:40:00,522 - ERROR - Exception creating subclip for clip 'C:\Users\garre\Videos\Test Shoot\20250220_152650.mp4': 'NoneType' object is not callable
Traceback (most recent call last):
  File "C:\Programming\DavinciAI\backend.py", line 124, in update_timeline_with_trimmed_clips
    subclip = self.media_pool.AddSubClip(
        clip_item,
    ...<3 lines>...
        1  # track index or additional parameters as needed
    )
TypeError: 'NoneType' object is not callable
2025-02-20 18:40:00,523 - ERROR - Exception creating subclip for clip 'C:\Users\garre\Videos\Test Shoot\20250220_153059.mp4': 'NoneType' object is not callable
Traceback (most recent call last):
  File "C:\Programming\DavinciAI\backend.py", line 124, in update_timeline_with_trimmed_clips
    subclip = self.media_pool.AddSubClip(
        clip_item,
    ...<3 lines>...
        1  # track index or additional parameters as needed
    )
TypeError: 'NoneType' object is not callable
2025-02-20 18:40:00,524 - ERROR - Exception creating subclip for clip 'C:\Users\garre\Videos\Test Shoot\20250220_153059.mp4': 'NoneType' object is not callable
Traceback (most recent call last):
  File "C:\Programming\DavinciAI\backend.py", line 124, in update_timeline_with_trimmed_clips
    subclip = self.media_pool.AddSubClip(
        clip_item,
    ...<3 lines>...
        1  # track index or additional parameters as needed
    )
TypeError: 'NoneType' object is not callable
2025-02-20 18:40:00,525 - ERROR - Exception creating subclip for clip 'C:\Users\garre\Videos\Test Shoot\20250220_153059.mp4': 'NoneType' object is not callable
Traceback (most recent call last):
  File "C:\Programming\DavinciAI\backend.py", line 124, in update_timeline_with_trimmed_clips
    subclip = self.media_pool.AddSubClip(
        clip_item,
    ...<3 lines>...
        1  # track index or additional parameters as needed
    )
TypeError: 'NoneType' object is not callable
2025-02-20 18:40:00,526 - ERROR - Exception creating subclip for clip 'C:\Users\garre\Videos\Test Shoot\20250220_153140.mp4': 'NoneType' object is not callable
Traceback (most recent call last):
  File "C:\Programming\DavinciAI\backend.py", line 124, in update_timeline_with_trimmed_clips
    subclip = self.media_pool.AddSubClip(
        clip_item,
    ...<3 lines>...
        1  # track index or additional parameters as needed
    )
TypeError: 'NoneType' object is not callable
2025-02-20 18:40:00,528 - ERROR - Exception creating subclip for clip 'C:\Users\garre\Videos\Test Shoot\20250220_153140.mp4': 'NoneType' object is not callable
Traceback (most recent call last):
  File "C:\Programming\DavinciAI\backend.py", line 124, in update_timeline_with_trimmed_clips
    subclip = self.media_pool.AddSubClip(
        clip_item,
    ...<3 lines>...
        1  # track index or additional parameters as needed
    )
TypeError: 'NoneType' object is not callable
2025-02-20 18:40:00,529 - ERROR - Exception creating subclip for clip 'C:\Users\garre\Videos\Test Shoot\20250220_153140.mp4': 'NoneType' object is not callable
Traceback (most recent call last):
  File "C:\Programming\DavinciAI\backend.py", line 124, in update_timeline_with_trimmed_clips
    subclip = self.media_pool.AddSubClip(
        clip_item,
    ...<3 lines>...
        1  # track index or additional parameters as needed
    )
TypeError: 'NoneType' object is not callable
2025-02-20 18:40:00,529 - ERROR - No subclips were created from scene detection.
2025-02-20 18:44:02,883 - INFO - Connected to DaVinci Resolve on attempt 1.
2025-02-20 18:44:16,076 - INFO - Imported media: ['C:/Users/garre/Videos/Test Shoot/20250220_152451.mp4']
2025-02-20 18:44:16,368 - INFO - Added clip: C:/Users/garre/Videos/Test Shoot/20250220_152451.mp4
2025-02-20 18:44:17,700 - INFO - Imported media: ['C:/Users/garre/Videos/Test Shoot/20250220_152603.mp4']
2025-02-20 18:44:17,702 - INFO - Added clip: C:/Users/garre/Videos/Test Shoot/20250220_152603.mp4
2025-02-20 18:44:17,770 - INFO - Imported media: ['C:/Users/garre/Videos/Test Shoot/20250220_152650.mp4']
2025-02-20 18:44:17,772 - INFO - Added clip: C:/Users/garre/Videos/Test Shoot/20250220_152650.mp4
2025-02-20 18:44:17,829 - INFO - Imported media: ['C:/Users/garre/Videos/Test Shoot/20250220_153059.mp4']
2025-02-20 18:44:17,831 - INFO - Added clip: C:/Users/garre/Videos/Test Shoot/20250220_153059.mp4
2025-02-20 18:44:17,885 - INFO - Imported media: ['C:/Users/garre/Videos/Test Shoot/20250220_153140.mp4']
2025-02-20 18:44:17,887 - INFO - Added clip: C:/Users/garre/Videos/Test Shoot/20250220_153140.mp4
2025-02-20 18:44:20,161 - INFO - Timeline created successfully with 5 clip(s).
2025-02-20 18:44:29,409 - INFO - Clip 'C:\Users\garre\Videos\Test Shoot\20250220_152451.mp4' (duration 25 sec): Detected scene changes: [0, 17, 23, 25]
2025-02-20 18:44:29,410 - INFO - Created subclip for 'C:\Users\garre\Videos\Test Shoot\20250220_152451.mp4': 0 to 17
2025-02-20 18:44:29,410 - INFO - Created subclip for 'C:\Users\garre\Videos\Test Shoot\20250220_152451.mp4': 17 to 23
2025-02-20 18:44:29,410 - INFO - Created subclip for 'C:\Users\garre\Videos\Test Shoot\20250220_152451.mp4': 23 to 25
2025-02-20 18:44:29,411 - INFO - Clip 'C:\Users\garre\Videos\Test Shoot\20250220_152603.mp4' (duration 20 sec): Detected scene changes: [0, 9, 16, 20]
2025-02-20 18:44:29,411 - INFO - Created subclip for 'C:\Users\garre\Videos\Test Shoot\20250220_152603.mp4': 0 to 9
2025-02-20 18:44:29,411 - INFO - Created subclip for 'C:\Users\garre\Videos\Test Shoot\20250220_152603.mp4': 9 to 16
2025-02-20 18:44:29,412 - INFO - Created subclip for 'C:\Users\garre\Videos\Test Shoot\20250220_152603.mp4': 16 to 20
2025-02-20 18:44:29,413 - INFO - Clip 'C:\Users\garre\Videos\Test Shoot\20250220_152650.mp4' (duration 47 sec): Detected scene changes: [0, 5, 34, 47]
2025-02-20 18:44:29,413 - INFO - Created subclip for 'C:\Users\garre\Videos\Test Shoot\20250220_152650.mp4': 0 to 5
2025-02-20 18:44:29,413 - INFO - Created subclip for 'C:\Users\garre\Videos\Test Shoot\20250220_152650.mp4': 5 to 34
2025-02-20 18:44:29,413 - INFO - Created subclip for 'C:\Users\garre\Videos\Test Shoot\20250220_152650.mp4': 34 to 47
2025-02-20 18:44:29,414 - INFO - Clip 'C:\Users\garre\Videos\Test Shoot\20250220_153059.mp4' (duration 51 sec): Detected scene changes: [0, 2, 8, 51]
2025-02-20 18:44:29,415 - INFO - Created subclip for 'C:\Users\garre\Videos\Test Shoot\20250220_153059.mp4': 0 to 2
2025-02-20 18:44:29,415 - INFO - Created subclip for 'C:\Users\garre\Videos\Test Shoot\20250220_153059.mp4': 2 to 8
2025-02-20 18:44:29,415 - INFO - Created subclip for 'C:\Users\garre\Videos\Test Shoot\20250220_153059.mp4': 8 to 51
2025-02-20 18:44:29,416 - INFO - Clip 'C:\Users\garre\Videos\Test Shoot\20250220_153140.mp4' (duration 49 sec): Detected scene changes: [0, 5, 32, 49]
2025-02-20 18:44:29,416 - INFO - Skipping segment from 0 to 5 as dark/empty scene.
2025-02-20 18:44:29,416 - INFO - Created subclip for 'C:\Users\garre\Videos\Test Shoot\20250220_153140.mp4': 5 to 32
2025-02-20 18:44:29,417 - INFO - Skipping segment from 32 to 49 as dark/empty scene.
2025-02-20 18:44:29,419 - ERROR - The AddSubClip method is not available in this version of the DaVinci Resolve API.
2025-02-20 18:54:09,189 - INFO - Connected to DaVinci Resolve on attempt 1.
2025-02-20 18:54:18,627 - INFO - Imported media: ['C:/Users/garre/Videos/Test Shoot/20250220_152451.mp4']
2025-02-20 18:54:18,915 - INFO - Added clip: C:/Users/garre/Videos/Test Shoot/20250220_152451.mp4
2025-02-20 18:54:20,201 - INFO - Imported media: ['C:/Users/garre/Videos/Test Shoot/20250220_152603.mp4']
2025-02-20 18:54:20,203 - INFO - Added clip: C:/Users/garre/Videos/Test Shoot/20250220_152603.mp4
2025-02-20 18:54:20,272 - INFO - Imported media: ['C:/Users/garre/Videos/Test Shoot/20250220_152650.mp4']
2025-02-20 18:54:20,273 - INFO - Added clip: C:/Users/garre/Videos/Test Shoot/20250220_152650.mp4
2025-02-20 18:54:20,326 - INFO - Imported media: ['C:/Users/garre/Videos/Test Shoot/20250220_153059.mp4']
2025-02-20 18:54:20,327 - INFO - Added clip: C:/Users/garre/Videos/Test Shoot/20250220_153059.mp4
2025-02-20 18:54:20,377 - INFO - Imported media: ['C:/Users/garre/Videos/Test Shoot/20250220_153140.mp4']
2025-02-20 18:54:20,379 - INFO - Added clip: C:/Users/garre/Videos/Test Shoot/20250220_153140.mp4
2025-02-20 18:54:22,757 - INFO - Timeline created successfully with 5 clip(s).
2025-02-20 18:54:28,813 - INFO - Clip 'C:\Users\garre\Videos\Test Shoot\20250220_152451.mp4' (duration 58 sec): Detected scene changes: [0, 13, 21, 58]
2025-02-20 18:54:28,814 - INFO - Created subclip for 'C:\Users\garre\Videos\Test Shoot\20250220_152451.mp4': 0 to 13
2025-02-20 18:54:28,814 - INFO - Skipping segment from 13 to 21 as dark/empty scene.
2025-02-20 18:54:28,814 - INFO - Created subclip for 'C:\Users\garre\Videos\Test Shoot\20250220_152451.mp4': 21 to 58
2025-02-20 18:54:28,814 - INFO - Clip 'C:\Users\garre\Videos\Test Shoot\20250220_152603.mp4' (duration 40 sec): Detected scene changes: [0, 26, 29, 40]
2025-02-20 18:54:28,814 - INFO - Created subclip for 'C:\Users\garre\Videos\Test Shoot\20250220_152603.mp4': 0 to 26
2025-02-20 18:54:28,815 - INFO - Created subclip for 'C:\Users\garre\Videos\Test Shoot\20250220_152603.mp4': 26 to 29
2025-02-20 18:54:28,815 - INFO - Created subclip for 'C:\Users\garre\Videos\Test Shoot\20250220_152603.mp4': 29 to 40
2025-02-20 18:54:28,816 - INFO - Clip 'C:\Users\garre\Videos\Test Shoot\20250220_152650.mp4' (duration 58 sec): Detected scene changes: [0, 9, 47, 58]
2025-02-20 18:54:28,816 - INFO - Created subclip for 'C:\Users\garre\Videos\Test Shoot\20250220_152650.mp4': 0 to 9
2025-02-20 18:54:28,817 - INFO - Created subclip for 'C:\Users\garre\Videos\Test Shoot\20250220_152650.mp4': 9 to 47
2025-02-20 18:54:28,817 - INFO - Created subclip for 'C:\Users\garre\Videos\Test Shoot\20250220_152650.mp4': 47 to 58
2025-02-20 18:54:28,817 - INFO - Clip 'C:\Users\garre\Videos\Test Shoot\20250220_153059.mp4' (duration 36 sec): Detected scene changes: [0, 25, 34, 36]
2025-02-20 18:54:28,818 - INFO - Created subclip for 'C:\Users\garre\Videos\Test Shoot\20250220_153059.mp4': 0 to 25
2025-02-20 18:54:28,818 - INFO - Created subclip for 'C:\Users\garre\Videos\Test Shoot\20250220_153059.mp4': 25 to 34
2025-02-20 18:54:28,818 - INFO - Created subclip for 'C:\Users\garre\Videos\Test Shoot\20250220_153059.mp4': 34 to 36
2025-02-20 18:54:28,819 - INFO - Clip 'C:\Users\garre\Videos\Test Shoot\20250220_153140.mp4' (duration 35 sec): Detected scene changes: [0, 3, 4, 35]
2025-02-20 18:54:28,819 - INFO - Created subclip for 'C:\Users\garre\Videos\Test Shoot\20250220_153140.mp4': 0 to 3
2025-02-20 18:54:28,819 - INFO - Skipping segment from 3 to 4 (duration 1 sec) as too short.
2025-02-20 18:54:28,820 - INFO - Created subclip for 'C:\Users\garre\Videos\Test Shoot\20250220_153140.mp4': 4 to 35
2025-02-20 18:54:28,822 - ERROR - The AddSubClip method is not available in this version of the DaVinci Resolve API.
2025-02-21 21:35:42,793 - INFO - Connected to DaVinci Resolve on attempt 1.
2025-02-21 21:39:54,441 - INFO - Connected to DaVinci Resolve on attempt 1.
2025-02-21 21:40:03,261 - INFO - Connected to DaVinci Resolve on attempt 1.
2025-02-21 21:41:06,068 - INFO - Connected to DaVinci Resolve on attempt 1.
2025-02-21 21:42:59,886 - INFO - Connected to DaVinci Resolve on attempt 1.
2025-02-21 21:44:22,095 - INFO - Connected to DaVinci Resolve on attempt 1.
2025-02-21 21:46:35,700 - INFO - Connected to DaVinci Resolve on attempt 1.
2025-02-21 22:03:28,036 - INFO - Connected to DaVinci Resolve on attempt 1.
